[2021-04-13 17:16:29,568] multiqc                                            [DEBUG  ]  No MultiQC config found: /sw/bioinfo/MultiQC/1.10.1/rackham/lib/python3.7/site-packages/multiqc_config.yaml
[2021-04-13 17:16:29,569] multiqc                                            [DEBUG  ]  No MultiQC config found: /home/phennig/.multiqc_config.yaml
[2021-04-13 17:16:29,569] multiqc                                            [DEBUG  ]  No MultiQC config found: multiqc_config.yaml
[2021-04-13 17:16:29,569] multiqc                                            [DEBUG  ]  Command used: /sw/bioinfo/MultiQC/1.10.1/rackham/bin/multiqc .
[2021-04-13 17:16:29,827] multiqc                                            [DEBUG  ]  Latest MultiQC version is v1.10.1
[2021-04-13 17:16:29,828] multiqc                                            [INFO   ]  This is MultiQC v1.10.1
[2021-04-13 17:16:29,828] multiqc                                            [DEBUG  ]  Command     : /sw/bioinfo/MultiQC/1.10.1/rackham/bin/multiqc .
[2021-04-13 17:16:29,828] multiqc                                            [DEBUG  ]  Working dir : /domus/h1/phennig/genome_analysis/qc_and_trim/dna_qc_fastqc_out
[2021-04-13 17:16:29,828] multiqc                                            [INFO   ]  Template    : default
[2021-04-13 17:16:29,828] multiqc                                            [DEBUG  ]  Running Python 3.7.2 (default, Mar 14 2019, 18:52:14)  [GCC 4.8.5 20150623 (Red Hat 4.8.5-36)]
[2021-04-13 17:16:29,828] multiqc                                            [INFO   ]  Searching   : /domus/h1/phennig/genome_analysis/qc_and_trim/dna_qc_fastqc_out
[2021-04-13 17:16:29,829] multiqc                                            [DEBUG  ]  Analysing modules: custom_content, ngsderive, purple, conpair, peddy, somalier, methylQA, mosdepth, phantompeakqualtools, qualimap, preseq, quast, qorts, rna_seqc, rockhopper, rsem, rseqc, busco, goleft_indexcov, disambiguate, supernova, deeptools, sargasso, verifybamid, mirtrace, happy, mirtop, homer, hops, macs2, theta2, snpeff, gatk, htseq, bcftools, featureCounts, fgbio, dragen, dedup, damageprofiler, biobambam2, jcvi, mtnucratio, picard, sentieon, prokka, qc3C, samblaster, samtools, sexdeterrmine, eigenstratdatabasetools, bamtools, jellyfish, vcftools, longranger, stacks, varscan2, bbmap, bismark, biscuit, hicexplorer, hicup, hicpro, salmon, kallisto, slamdunk, star, hisat2, tophat, bowtie2, bowtie1, snpsplit, kat, leehom, adapterRemoval, clipandmerge, cutadapt, flexbar, kaiju, kraken, malt, trimmomatic, sickle, skewer, sortmerna, biobloomtools, fastq_screen, afterqc, fastp, fastqc, pychopper, pycoqc, minionqc, multivcfanalyzer, clusterflow, bcl2fastq, interop, ivar, flash, seqyclean, optitype
[2021-04-13 17:16:29,829] multiqc                                            [DEBUG  ]  Using temporary directory for creating report: /scratch/tmp0ywt0l9m
[2021-04-13 17:16:30,047] multiqc                                            [DEBUG  ]  File ignored by hicexplorer because it exceeded search pattern filesize limit: SRR4342129_1.paired.trimmed_fastqc.html
[2021-04-13 17:16:30,056] multiqc                                            [DEBUG  ]  File ignored by longranger/invocation because it exceeded search pattern filesize limit: SRR4342129_1.paired.trimmed_fastqc.html
[2021-04-13 17:16:30,118] multiqc                                            [DEBUG  ]  File ignored by hicexplorer because it exceeded search pattern filesize limit: SRR4342133_2.paired.trimmed_fastqc.html
[2021-04-13 17:16:30,125] multiqc                                            [DEBUG  ]  File ignored by longranger/invocation because it exceeded search pattern filesize limit: SRR4342133_2.paired.trimmed_fastqc.html
[2021-04-13 17:16:30,181] multiqc                                            [DEBUG  ]  File ignored by hicexplorer because it exceeded search pattern filesize limit: SRR4342133_1.paired.trimmed_fastqc.html
[2021-04-13 17:16:30,188] multiqc                                            [DEBUG  ]  File ignored by longranger/invocation because it exceeded search pattern filesize limit: SRR4342133_1.paired.trimmed_fastqc.html
[2021-04-13 17:16:30,248] multiqc                                            [DEBUG  ]  File ignored by hicexplorer because it exceeded search pattern filesize limit: SRR4342129_2.paired.trimmed_fastqc.html
[2021-04-13 17:16:30,256] multiqc                                            [DEBUG  ]  File ignored by longranger/invocation because it exceeded search pattern filesize limit: SRR4342129_2.paired.trimmed_fastqc.html
[2021-04-13 17:16:32,309] multiqc.plots.bargraph                             [DEBUG  ]  Using matplotlib version 3.0.3
[2021-04-13 17:16:32,310] multiqc.plots.linegraph                            [DEBUG  ]  Using matplotlib version 3.0.3
[2021-04-13 17:16:32,312] multiqc                                            [DEBUG  ]  No samples found: custom_content
[2021-04-13 17:16:32,320] multiqc                                            [DEBUG  ]  No samples found: ngsderive
[2021-04-13 17:16:32,327] multiqc                                            [DEBUG  ]  No samples found: purple
[2021-04-13 17:16:32,334] multiqc                                            [DEBUG  ]  No samples found: conpair
[2021-04-13 17:16:32,342] multiqc                                            [DEBUG  ]  No samples found: peddy
[2021-04-13 17:16:32,350] multiqc                                            [DEBUG  ]  No samples found: somalier
[2021-04-13 17:16:32,358] multiqc                                            [DEBUG  ]  No samples found: methylQA
[2021-04-13 17:16:32,370] multiqc                                            [DEBUG  ]  No samples found: mosdepth
[2021-04-13 17:16:32,377] multiqc                                            [DEBUG  ]  No samples found: phantompeakqualtools
[2021-04-13 17:16:32,381] multiqc                                            [DEBUG  ]  No samples found: qualimap
[2021-04-13 17:16:32,388] multiqc                                            [DEBUG  ]  No samples found: preseq
[2021-04-13 17:16:32,395] multiqc                                            [DEBUG  ]  No samples found: quast
[2021-04-13 17:16:32,402] multiqc                                            [DEBUG  ]  No samples found: qorts
[2021-04-13 17:16:32,409] multiqc                                            [DEBUG  ]  No samples found: rna_seqc
[2021-04-13 17:16:32,416] multiqc                                            [DEBUG  ]  No samples found: rockhopper
[2021-04-13 17:16:32,422] multiqc                                            [DEBUG  ]  No samples found: rsem
[2021-04-13 17:16:32,437] multiqc                                            [DEBUG  ]  No samples found: rseqc
[2021-04-13 17:16:32,444] multiqc                                            [DEBUG  ]  No samples found: busco
[2021-04-13 17:16:32,451] multiqc                                            [DEBUG  ]  No samples found: goleft_indexcov
[2021-04-13 17:16:32,459] multiqc                                            [DEBUG  ]  No samples found: disambiguate
[2021-04-13 17:16:32,466] multiqc                                            [DEBUG  ]  No samples found: supernova
[2021-04-13 17:16:32,481] multiqc                                            [DEBUG  ]  No samples found: deeptools
[2021-04-13 17:16:32,488] multiqc                                            [DEBUG  ]  No samples found: sargasso
[2021-04-13 17:16:32,495] multiqc                                            [DEBUG  ]  No samples found: verifybamid
[2021-04-13 17:16:32,501] multiqc                                            [DEBUG  ]  No samples found: mirtrace
[2021-04-13 17:16:32,508] multiqc                                            [DEBUG  ]  No samples found: happy
[2021-04-13 17:16:32,515] multiqc                                            [DEBUG  ]  No samples found: mirtop
[2021-04-13 17:16:32,523] multiqc                                            [DEBUG  ]  No samples found: homer
[2021-04-13 17:16:32,530] multiqc                                            [DEBUG  ]  No samples found: hops
[2021-04-13 17:16:32,537] multiqc                                            [DEBUG  ]  No samples found: macs2
[2021-04-13 17:16:32,544] multiqc                                            [DEBUG  ]  No samples found: theta2
[2021-04-13 17:16:32,551] multiqc                                            [DEBUG  ]  No samples found: snpeff
[2021-04-13 17:16:32,560] multiqc                                            [DEBUG  ]  No samples found: gatk
[2021-04-13 17:16:32,566] multiqc                                            [DEBUG  ]  No samples found: htseq
[2021-04-13 17:16:32,574] multiqc                                            [DEBUG  ]  No samples found: bcftools
[2021-04-13 17:16:32,581] multiqc                                            [DEBUG  ]  No samples found: featureCounts
[2021-04-13 17:16:32,593] multiqc                                            [DEBUG  ]  No samples found: fgbio
[2021-04-13 17:16:32,607] multiqc                                            [DEBUG  ]  No samples found: dragen
[2021-04-13 17:16:32,615] multiqc                                            [DEBUG  ]  No samples found: dedup
[2021-04-13 17:16:32,622] multiqc                                            [DEBUG  ]  No samples found: damageprofiler
[2021-04-13 17:16:32,672] multiqc                                            [DEBUG  ]  No samples found: biobambam2
[2021-04-13 17:16:32,679] multiqc                                            [DEBUG  ]  No samples found: jcvi
[2021-04-13 17:16:32,686] multiqc                                            [DEBUG  ]  No samples found: mtnucratio
[2021-04-13 17:16:32,690] multiqc                                            [DEBUG  ]  No samples found: picard
[2021-04-13 17:16:32,699] multiqc                                            [DEBUG  ]  No samples found: sentieon
[2021-04-13 17:16:32,706] multiqc                                            [DEBUG  ]  No samples found: prokka
[2021-04-13 17:16:32,713] multiqc                                            [DEBUG  ]  No samples found: qc3C
[2021-04-13 17:16:32,720] multiqc                                            [DEBUG  ]  No samples found: samblaster
[2021-04-13 17:16:32,730] multiqc                                            [DEBUG  ]  No samples found: samtools
[2021-04-13 17:16:32,737] multiqc                                            [DEBUG  ]  No samples found: sexdeterrmine
[2021-04-13 17:16:32,744] multiqc                                            [DEBUG  ]  No samples found: eigenstratdatabasetools
[2021-04-13 17:16:32,752] multiqc                                            [DEBUG  ]  No samples found: bamtools
[2021-04-13 17:16:32,759] multiqc                                            [DEBUG  ]  No samples found: jellyfish
[2021-04-13 17:16:32,769] multiqc                                            [DEBUG  ]  No samples found: vcftools
[2021-04-13 17:16:32,776] multiqc                                            [DEBUG  ]  No samples found: longranger
[2021-04-13 17:16:32,783] multiqc                                            [DEBUG  ]  No samples found: stacks
[2021-04-13 17:16:32,790] multiqc                                            [DEBUG  ]  No samples found: varscan2
[2021-04-13 17:16:32,807] multiqc                                            [DEBUG  ]  No samples found: bbmap
[2021-04-13 17:16:32,814] multiqc                                            [DEBUG  ]  No samples found: bismark
[2021-04-13 17:16:32,821] multiqc                                            [DEBUG  ]  No samples found: biscuit
[2021-04-13 17:16:32,828] multiqc                                            [DEBUG  ]  No samples found: hicexplorer
[2021-04-13 17:16:32,834] multiqc                                            [DEBUG  ]  No samples found: hicup
[2021-04-13 17:16:32,842] multiqc                                            [DEBUG  ]  No samples found: hicpro
[2021-04-13 17:16:32,848] multiqc                                            [DEBUG  ]  No samples found: salmon
[2021-04-13 17:16:32,855] multiqc                                            [DEBUG  ]  No samples found: kallisto
[2021-04-13 17:16:32,862] multiqc                                            [DEBUG  ]  No samples found: slamdunk
[2021-04-13 17:16:32,869] multiqc                                            [DEBUG  ]  No samples found: star
[2021-04-13 17:16:32,876] multiqc                                            [DEBUG  ]  No samples found: hisat2
[2021-04-13 17:16:32,883] multiqc                                            [DEBUG  ]  No samples found: tophat
[2021-04-13 17:16:32,890] multiqc                                            [DEBUG  ]  No samples found: bowtie2
[2021-04-13 17:16:32,897] multiqc                                            [DEBUG  ]  No samples found: bowtie1
[2021-04-13 17:16:32,904] multiqc                                            [DEBUG  ]  No samples found: snpsplit
[2021-04-13 17:16:32,910] multiqc                                            [DEBUG  ]  No samples found: kat
[2021-04-13 17:16:32,918] multiqc                                            [DEBUG  ]  No samples found: leehom
[2021-04-13 17:16:32,925] multiqc                                            [DEBUG  ]  No samples found: adapterRemoval
[2021-04-13 17:16:32,932] multiqc                                            [DEBUG  ]  No samples found: clipandmerge
[2021-04-13 17:16:32,939] multiqc                                            [DEBUG  ]  No samples found: cutadapt
[2021-04-13 17:16:32,947] multiqc                                            [DEBUG  ]  No samples found: flexbar
[2021-04-13 17:16:32,954] multiqc                                            [DEBUG  ]  No samples found: kaiju
[2021-04-13 17:16:32,962] multiqc                                            [DEBUG  ]  No samples found: kraken
[2021-04-13 17:16:32,968] multiqc                                            [DEBUG  ]  No samples found: malt
[2021-04-13 17:16:32,975] multiqc                                            [DEBUG  ]  No samples found: trimmomatic
[2021-04-13 17:16:32,982] multiqc                                            [DEBUG  ]  No samples found: sickle
[2021-04-13 17:16:32,989] multiqc                                            [DEBUG  ]  No samples found: skewer
[2021-04-13 17:16:32,995] multiqc                                            [DEBUG  ]  No samples found: sortmerna
[2021-04-13 17:16:33,002] multiqc                                            [DEBUG  ]  No samples found: biobloomtools
[2021-04-13 17:16:33,009] multiqc                                            [DEBUG  ]  No samples found: fastq_screen
[2021-04-13 17:16:33,017] multiqc                                            [DEBUG  ]  No samples found: afterqc
[2021-04-13 17:16:33,024] multiqc                                            [DEBUG  ]  No samples found: fastp
[2021-04-13 17:16:33,144] multiqc.modules.fastqc.fastqc                      [INFO   ]  Found 4 reports
[2021-04-13 17:16:33,254] multiqc                                            [DEBUG  ]  No samples found: pychopper
[2021-04-13 17:16:33,260] multiqc                                            [DEBUG  ]  No samples found: pycoqc
[2021-04-13 17:16:33,267] multiqc                                            [DEBUG  ]  No samples found: minionqc
[2021-04-13 17:16:33,274] multiqc                                            [DEBUG  ]  No samples found: multivcfanalyzer
[2021-04-13 17:16:33,281] multiqc                                            [DEBUG  ]  No samples found: clusterflow
[2021-04-13 17:16:33,288] multiqc                                            [DEBUG  ]  No samples found: bcl2fastq
[2021-04-13 17:16:33,294] multiqc                                            [DEBUG  ]  No samples found: interop
[2021-04-13 17:16:33,301] multiqc                                            [DEBUG  ]  No samples found: ivar
[2021-04-13 17:16:33,308] multiqc                                            [DEBUG  ]  No samples found: flash
[2021-04-13 17:16:33,314] multiqc                                            [DEBUG  ]  No samples found: seqyclean
[2021-04-13 17:16:33,321] multiqc                                            [DEBUG  ]  No samples found: optitype
[2021-04-13 17:16:33,330] multiqc                                            [INFO   ]  Compressing plot data
[2021-04-13 17:16:33,420] multiqc                                            [INFO   ]  Report      : multiqc_report.html
[2021-04-13 17:16:33,421] multiqc                                            [INFO   ]  Data        : multiqc_data
[2021-04-13 17:16:33,421] multiqc                                            [DEBUG  ]  Moving data file from '/scratch/tmp0ywt0l9m/multiqc_data' to '/domus/h1/phennig/genome_analysis/qc_and_trim/dna_qc_fastqc_out/multiqc_data'
[2021-04-13 17:16:33,583] multiqc                                            [INFO   ]  MultiQC complete
